start_time	end_time	elapsed_time	tieba_name	database_name	pages	etc
2019-12-24 16:48:08	2019-12-24 17:32:44	2676	处对象	fall_in_love	1~2049	None
2019-12-26 11:59:46	2019-12-26 12:11:20	693.7	庆余年	fall_in_love	1~783	None
2019-12-26 15:26:11	2019-12-26 15:37:04	653	庆余年	fall_in_love	1~783	None
2019-12-26 15:49:20	2019-12-26 16:00:29	668.6	庆余年	fall_in_love	1~783	None
2019-12-27 00:27:19	2019-12-27 00:39:58	759.5	庆余年	fall_in_love	1~783	None
2019-12-27 00:27:19	2019-12-27 01:11:37	2658	处对象	fall_in_love	1~2016	None
2019-12-27 18:24:05	2019-12-27 18:24:12	6.487	庆余年	fall_in_love	1~2	None
2019-12-27 18:24:05	2019-12-27 18:24:12	6.543	处对象	fall_in_love	1~2	None
2019-12-27 18:26:05	2019-12-27 18:26:07	1.854	庆余年	fall_in_love	1~1	None
2019-12-27 18:26:05	2019-12-27 18:26:07	1.782	处对象	fall_in_love	1~1	None
2019-12-27 18:28:43	2019-12-27 18:28:46	3.428	处对象	fall_in_love	1~1	None
2019-12-27 18:28:43	2019-12-27 18:28:46	3.536	庆余年	fall_in_love	1~1	None
2020-01-14 11:47:10	2020-01-14 11:47:15	5.105	庆余年	fall_in_love	None	None
2020-01-14 11:48:33	2020-01-14 11:48:36	2.94	庆余年	fall_in_love	None	None
2020-01-14 11:50:46	2020-01-14 11:50:48	2.295	庆余年	fall_in_love	None	None
2020-01-14 14:15:42	2020-01-14 14:15:48	5.569	庆余年	fall_in_love	None	None
2020-01-14 16:03:05	2020-01-14 16:03:07	1.311	庆余年	fall_in_love	None	None
2020-01-14 16:04:23	2020-01-14 16:04:25	2.075	庆余年	fall_in_love	None	None
2020-01-14 16:05:56	2020-01-14 16:06:01	4.943	庆余年	fall_in_love	None	None
2020-01-14 16:08:58	2020-01-14 16:09:01	3.335	庆余年	fall_in_love	None	None
2020-01-14 16:11:34	2020-01-14 16:11:36	2.059	庆余年	fall_in_love	None	None
2020-01-14 16:26:52	2020-01-14 16:26:54	1.824	庆余年	fall_in_love	None	None
2020-01-14 16:28:03	2020-01-14 16:28:06	2.638	庆余年	fall_in_love	None	None
2020-01-14 16:33:26	2020-01-14 16:33:29	2.67	庆余年	fall_in_love	None	None
2020-01-14 16:39:24	2020-01-14 16:39:25	1.22	庆余年	fall_in_love	None	None
2020-01-14 16:39:57	2020-01-14 16:53:54	837.3	庆余年	fall_in_love	1~794	None
2020-01-14 17:52:48	2020-01-14 18:07:03	854.7	庆余年	fall_in_love	1~794	None
2020-01-16 14:38:39	2020-01-16 14:46:47	487.8	庆余年	fall_in_love	1~415	None
2020-01-17 10:31:03	2020-01-17 10:31:08	4.994	庆余年	fall_in_love	1~2	None
2020-03-04 18:36:37	2020-03-04 18:37:47	69.78	肖战	fall_in_love	1~21	None
2020-03-08 18:19:41	2020-03-08 18:19:43	1.675	肖战	True	None	None
2020-03-08 19:40:53	2020-03-08 19:40:59	5.707	庆余年	fall_in_love	1~2	None
2020-03-08 21:22:13	2020-03-08 21:22:21	7.882	肖战	True	None	None
2020-03-08 21:22:11	2020-03-08 21:22:21	10.17	肖战	True	None	None
2020-03-08 21:22:11	2020-03-08 21:22:21	9.708	肖战	True	None	None
2020-03-08 21:22:14	2020-03-08 21:22:21	7.671	肖战	True	None	None
2020-03-08 21:22:12	2020-03-08 21:22:21	9.523	肖战	True	None	None
2020-03-08 21:22:17	2020-03-08 21:22:22	4.882	肖战	True	None	None
2020-03-08 21:22:17	2020-03-08 21:22:22	5.279	肖战	True	None	None
2020-03-08 21:22:17	2020-03-08 21:22:22	5.011	肖战	True	None	None
2020-03-08 21:22:10	2020-03-08 21:22:22	11.69	肖战	True	None	None
2020-03-08 21:22:14	2020-03-08 21:22:22	7.722	肖战	True	None	None
2020-03-08 21:22:15	2020-03-08 21:22:22	7.588	肖战	True	None	None
2020-03-08 21:22:07	2020-03-08 21:22:22	15.4	肖战	True	None	None
2020-03-08 21:22:10	2020-03-08 21:22:22	11.94	肖战	True	None	None
2020-03-08 21:22:06	2020-03-08 21:22:23	16.29	肖战	True	None	None
2020-03-08 21:22:09	2020-03-08 21:22:23	14.13	肖战	True	None	None
2020-03-08 21:22:07	2020-03-08 21:22:23	15.74	肖战	True	None	None
2020-03-08 21:22:12	2020-03-08 21:22:23	11.47	肖战	True	None	None
2020-03-08 21:22:13	2020-03-08 21:22:23	9.723	肖战	True	None	None
2020-03-08 21:22:08	2020-03-08 21:22:23	15.15	肖战	True	None	None
2020-03-08 21:22:14	2020-03-08 21:22:24	10.09	肖战	True	None	None
2020-03-08 21:22:09	2020-03-08 21:22:24	14.45	肖战	True	None	None
2020-03-08 21:22:14	2020-03-08 21:22:24	9.694	肖战	True	None	None
2020-03-08 21:22:12	2020-03-08 21:22:24	11.87	肖战	True	None	None
2020-03-08 21:22:16	2020-03-08 21:22:25	8.507	肖战	True	None	None
2020-03-08 21:22:14	2020-03-08 21:22:25	11.22	肖战	True	None	None
2020-03-08 21:22:16	2020-03-08 21:22:25	9.677	肖战	True	None	None
2020-03-08 21:22:10	2020-03-08 21:22:26	15.24	肖战	True	None	None
2020-03-08 21:22:14	2020-03-08 21:22:26	11.47	肖战	True	None	None
2020-03-08 21:22:15	2020-03-08 21:22:26	11.29	肖战	True	None	None
2020-03-08 21:22:12	2020-03-08 21:22:26	14.53	肖战	True	None	None
2020-03-08 21:22:13	2020-03-08 21:22:26	13.09	肖战	True	None	None
2020-03-08 21:22:13	2020-03-08 21:22:26	13	肖战	True	None	None
2020-03-08 21:22:14	2020-03-08 21:22:26	11.86	肖战	True	None	None
2020-03-08 21:22:15	2020-03-08 21:22:26	11.05	肖战	True	None	None
2020-03-08 21:22:16	2020-03-08 21:22:26	10.67	肖战	True	None	None
2020-03-08 21:22:09	2020-03-08 21:22:29	19.89	肖战	True	None	None
2020-03-08 21:22:09	2020-03-08 21:25:15	186.1	肖战	True	None	None
2020-03-09 14:02:03	2020-03-09 14:02:14	10.13	肖战	True	1~2	None
2020-03-09 14:02:08	2020-03-09 14:02:14	6.067	肖战	True	1~2	None
2020-03-09 14:02:13	2020-03-09 14:02:15	1.749	肖战	True	None	None
2020-03-09 14:03:56	2020-03-09 14:04:00	3.518	肖战	True	1~1	None
2020-03-09 14:07:37	2020-03-09 14:07:39	2.029	肖战	True	1~1	None
2020-03-09 14:07:32	2020-03-09 14:07:40	7.714	肖战	True	1~2	None
